cl : command line warning D9035: option 'Gm' has been deprecated and will be removed in a future release
  window.c
C:\Users\WhoseTheNerd\dev\Fusion\Fusion-Audio\vendor\vorbis\lib\os.h(24,10): fatal error C1083: Cannot open include file: 'ogg/os_types.h': No such file or directory
  vorbisenc.c
C:\Users\WhoseTheNerd\dev\Fusion\Fusion-Audio\vendor\vorbis\include\vorbis\codec.h(25,10): fatal error C1083: Cannot open include file: 'ogg/ogg.h': No such file or directory
  synthesis.c
C:\Users\WhoseTheNerd\dev\Fusion\Fusion-Audio\vendor\vorbis\lib\synthesis.c(18,10): fatal error C1083: Cannot open include file: 'ogg/ogg.h': No such file or directory
  smallft.c
C:\Users\WhoseTheNerd\dev\Fusion\Fusion-Audio\vendor\vorbis\include\vorbis\codec.h(25,10): fatal error C1083: Cannot open include file: 'ogg/ogg.h': No such file or directory
  sharedbook.c
C:\Users\WhoseTheNerd\dev\Fusion\Fusion-Audio\vendor\vorbis\lib\sharedbook.c(21,10): fatal error C1083: Cannot open include file: 'ogg/ogg.h': No such file or directory
  res0.c
C:\Users\WhoseTheNerd\dev\Fusion\Fusion-Audio\vendor\vorbis\lib\res0.c(25,10): fatal error C1083: Cannot open include file: 'ogg/ogg.h': No such file or directory
  registry.c
C:\Users\WhoseTheNerd\dev\Fusion\Fusion-Audio\vendor\vorbis\include\vorbis\codec.h(25,10): fatal error C1083: Cannot open include file: 'ogg/ogg.h': No such file or directory
  psy.c
C:\Users\WhoseTheNerd\dev\Fusion\Fusion-Audio\vendor\vorbis\include\vorbis\codec.h(25,10): fatal error C1083: Cannot open include file: 'ogg/ogg.h': No such file or directory
  mdct.c
C:\Users\WhoseTheNerd\dev\Fusion\Fusion-Audio\vendor\vorbis\include\vorbis\codec.h(25,10): fatal error C1083: Cannot open include file: 'ogg/ogg.h': No such file or directory
  mapping0.c
C:\Users\WhoseTheNerd\dev\Fusion\Fusion-Audio\vendor\vorbis\lib\mapping0.c(21,10): fatal error C1083: Cannot open include file: 'ogg/ogg.h': No such file or directory
  lsp.c
C:\Users\WhoseTheNerd\dev\Fusion\Fusion-Audio\vendor\vorbis\lib\os.h(24,10): fatal error C1083: Cannot open include file: 'ogg/os_types.h': No such file or directory
  lpc.c
C:\Users\WhoseTheNerd\dev\Fusion\Fusion-Audio\vendor\vorbis\lib\os.h(24,10): fatal error C1083: Cannot open include file: 'ogg/os_types.h': No such file or directory
  lookup.c
C:\Users\WhoseTheNerd\dev\Fusion\Fusion-Audio\vendor\vorbis\lib\os.h(24,10): fatal error C1083: Cannot open include file: 'ogg/os_types.h': No such file or directory
  info.c
C:\Users\WhoseTheNerd\dev\Fusion\Fusion-Audio\vendor\vorbis\lib\info.c(22,10): fatal error C1083: Cannot open include file: 'ogg/ogg.h': No such file or directory
  floor1.c
C:\Users\WhoseTheNerd\dev\Fusion\Fusion-Audio\vendor\vorbis\lib\floor1.c(20,10): fatal error C1083: Cannot open include file: 'ogg/ogg.h': No such file or directory
  floor0.c
C:\Users\WhoseTheNerd\dev\Fusion\Fusion-Audio\vendor\vorbis\lib\floor0.c(20,10): fatal error C1083: Cannot open include file: 'ogg/ogg.h': No such file or directory
  envelope.c
C:\Users\WhoseTheNerd\dev\Fusion\Fusion-Audio\vendor\vorbis\lib\envelope.c(21,10): fatal error C1083: Cannot open include file: 'ogg/ogg.h': No such file or directory
  codebook.c
C:\Users\WhoseTheNerd\dev\Fusion\Fusion-Audio\vendor\vorbis\lib\codebook.c(20,10): fatal error C1083: Cannot open include file: 'ogg/ogg.h': No such file or directory
  block.c
C:\Users\WhoseTheNerd\dev\Fusion\Fusion-Audio\vendor\vorbis\lib\block.c(23,10): fatal error C1083: Cannot open include file: 'ogg/ogg.h': No such file or directory
  bitrate.c
C:\Users\WhoseTheNerd\dev\Fusion\Fusion-Audio\vendor\vorbis\lib\bitrate.c(20,10): fatal error C1083: Cannot open include file: 'ogg/ogg.h': No such file or directory
  Generating Code...
  Compiling...
  analysis.c
C:\Users\WhoseTheNerd\dev\Fusion\Fusion-Audio\vendor\vorbis\lib\analysis.c(20,10): fatal error C1083: Cannot open include file: 'ogg/ogg.h': No such file or directory
  Generating Code...
